<?xml version="1.0" encoding="UTF-8"?>
<testng-results ignored="0" total="1" passed="1" failed="0" skipped="0">
  <reporter-output>
  </reporter-output>
  <suite started-at="2019-04-01T08:33:27Z" name="Suite" finished-at="2019-04-01T08:33:50Z" duration-ms="22779">
    <groups>
    </groups>
    <test started-at="2019-04-01T08:33:27Z" name="Test" finished-at="2019-04-01T08:33:50Z" duration-ms="22779">
      <class name="Zipgo.InterCity.agents.InvitedAgents">
        <test-method is-config="true" signature="loginIntercityDashboard()[pri:0, instance:Zipgo.InterCity.agents.InvitedAgents@13b13b5d]" started-at="2019-04-01T14:03:27Z" name="loginIntercityDashboard" finished-at="2019-04-01T14:03:38Z" duration-ms="10954" status="PASS">
          <reporter-output>
          </reporter-output>
        </test-method> <!-- loginIntercityDashboard -->
        <test-method signature="InvitedAgentsList()[pri:1, instance:Zipgo.InterCity.agents.InvitedAgents@13b13b5d]" started-at="2019-04-01T14:03:38Z" name="InvitedAgentsList" finished-at="2019-04-01T14:03:50Z" duration-ms="11800" status="PASS">
          <reporter-output>
          </reporter-output>
        </test-method> <!-- InvitedAgentsList -->
      </class> <!-- Zipgo.InterCity.agents.InvitedAgents -->
    </test> <!-- Test -->
  </suite> <!-- Suite -->
</testng-results>
